<?xml version="1.0" encoding="UTF-8" standalone="yes"?><!DOCTYPE report PUBLIC "-//JACOCO//DTD Report 1.1//EN" "report.dtd"><report name="ExImmo"><sessioninfo id="PC-BAPTISTE-81b3a9a0" start="1731959376136" dump="1731959378762"/><sessioninfo id="PC-BAPTISTE-7adec189" start="1731959379864" dump="1731959380750"/><sessioninfo id="PC-BAPTISTE-361d8730" start="1732806657885" dump="1732806660467"/><sessioninfo id="PC-BAPTISTE-f24144cf" start="1732806753088" dump="1732806755382"/><sessioninfo id="PC-BAPTISTE-64290395" start="1732806813216" dump="1732806815272"/><sessioninfo id="PC-BAPTISTE-fd99efc6" start="1732878249265" dump="1732878252193"/><sessioninfo id="PC-BAPTISTE-c799c119" start="1732878334687" dump="1732878336918"/><sessioninfo id="PC-BAPTISTE-b319402c" start="1732878615412" dump="1732878617850"/><sessioninfo id="PC-BAPTISTE-8de0d01f" start="1732878769226" dump="1732878771714"/><sessioninfo id="PC-BAPTISTE-e26903ff" start="1732878824582" dump="1732878827102"/><sessioninfo id="PC-BAPTISTE-cc3267ef" start="1732879239058" dump="1732879241270"/><sessioninfo id="PC-BAPTISTE-54f8d40e" start="1732879342147" dump="1732879344399"/><sessioninfo id="PC-BAPTISTE-57867b68" start="1732885610727" dump="1732885612887"/><sessioninfo id="PC-BAPTISTE-6c02ca7e" start="1732885665485" dump="1732885667741"/><sessioninfo id="PC-BAPTISTE-6f0ed8f1" start="1732885681491" dump="1732885683763"/><sessioninfo id="PC-BAPTISTE-482945f0" start="1732885711095" dump="1732885713275"/><sessioninfo id="PC-BAPTISTE-3c4737c9" start="1732893311076" dump="1732893313487"/><sessioninfo id="PC-BAPTISTE-a887354" start="1732893402727" dump="1732893405303"/><sessioninfo id="PC-BAPTISTE-d8b95a75" start="1732894934460" dump="1732894936774"/><sessioninfo id="PC-BAPTISTE-d26ce154" start="1732895567229" dump="1732895569779"/><sessioninfo id="PC-BAPTISTE-c1112b20" start="1732895993956" dump="1732895996540"/><sessioninfo id="PC-BAPTISTE-b8b099c0" start="1732896060508" dump="1732896062941"/><sessioninfo id="PC-BAPTISTE-a3c0176b" start="1732896856109" dump="1732896858733"/><sessioninfo id="PC-BAPTISTE-3ecdb9a3" start="1732896922033" dump="1732896924587"/><sessioninfo id="PC-BAPTISTE-38862b84" start="1732897816281" dump="1732897818886"/><sessioninfo id="PC-BAPTISTE-cdb07e73" start="1732898218315" dump="1732898220982"/><sessioninfo id="PC-BAPTISTE-1b370b51" start="1732898340249" dump="1732898342681"/><sessioninfo id="PC-BAPTISTE-7b0f201b" start="1732898471554" dump="1732898474480"/><sessioninfo id="PC-BAPTISTE-55eabdf5" start="1732898789803" dump="1732898792522"/><sessioninfo id="PC-BAPTISTE-356b42b9" start="1732899331129" dump="1732899333469"/><sessioninfo id="PC-BAPTISTE-68a7d3b9" start="1732899479501" dump="1732899482296"/><sessioninfo id="PC-BAPTISTE-76b1308b" start="1733147136184" dump="1733147140430"/><sessioninfo id="PC-BAPTISTE-17ae0fb1" start="1733147510151" dump="1733147512638"/><sessioninfo id="PC-BAPTISTE-9d32f1e1" start="1733147513820" dump="1733147514813"/><sessioninfo id="PC-BAPTISTE-a008cf85" start="1733147563942" dump="1733147566624"/><sessioninfo id="PC-BAPTISTE-330fc6fb" start="1733147567592" dump="1733147568406"/><sessioninfo id="PC-BAPTISTE-80f2de68" start="1733147595111" dump="1733147597464"/><sessioninfo id="PC-BAPTISTE-f9f30406" start="1733147598514" dump="1733147599836"/><sessioninfo id="PC-BAPTISTE-59f1daf8" start="1733147739597" dump="1733147741918"/><sessioninfo id="PC-BAPTISTE-faf5349a" start="1733147743003" dump="1733147743798"/><sessioninfo id="PC-BAPTISTE-232b3253" start="1733148372982" dump="1733148375318"/><sessioninfo id="PC-BAPTISTE-25a60523" start="1733148376392" dump="1733148377473"/><sessioninfo id="PC-BAPTISTE-a28db479" start="1733148697400" dump="1733148699812"/><sessioninfo id="PC-BAPTISTE-e84349f5" start="1733148700926" dump="1733148701872"/><sessioninfo id="PC-BAPTISTE-6d0bdabe" start="1733148937582" dump="1733148939999"/><sessioninfo id="PC-BAPTISTE-c2d2137c" start="1733148941128" dump="1733148942109"/><sessioninfo id="PC-BAPTISTE-a2c0b2b3" start="1733148964898" dump="1733148967427"/><sessioninfo id="PC-BAPTISTE-79ad6c08" start="1733148968433" dump="1733148969266"/><sessioninfo id="PC-BAPTISTE-fcd22633" start="1733152415800" dump="1733152418610"/><sessioninfo id="PC-BAPTISTE-90ae407" start="1733152419794" dump="1733152420704"/><sessioninfo id="PC-BAPTISTE-9c4dcafc" start="1733152461993" dump="1733152464457"/><sessioninfo id="PC-BAPTISTE-a27549b4" start="1733152465597" dump="1733152466484"/><sessioninfo id="PC-BAPTISTE-c82a8366" start="1733152719496" dump="1733152721919"/><sessioninfo id="PC-BAPTISTE-204468f5" start="1733152722933" dump="1733152723710"/><sessioninfo id="PC-BAPTISTE-5b965a66" start="1733152760000" dump="1733152762432"/><sessioninfo id="PC-BAPTISTE-a4251e91" start="1733152763669" dump="1733152764695"/><sessioninfo id="PC-BAPTISTE-b35a9190" start="1733152794951" dump="1733152797499"/><sessioninfo id="PC-BAPTISTE-a9c07512" start="1733152807035" dump="1733152809614"/><sessioninfo id="PC-BAPTISTE-b8991051" start="1733152810743" dump="1733152811780"/><sessioninfo id="PC-BAPTISTE-b71e3977" start="1733153757396" dump="1733153760453"/><sessioninfo id="PC-BAPTISTE-d49e90cc" start="1733153761407" dump="1733153762159"/><sessioninfo id="PC-BAPTISTE-887cba64" start="1733153793401" dump="1733153795823"/><sessioninfo id="PC-BAPTISTE-41e7795a" start="1733153796866" dump="1733153797726"/><sessioninfo id="PC-BAPTISTE-6fa736d" start="1733153857437" dump="1733153860146"/><sessioninfo id="PC-BAPTISTE-d2df5436" start="1733153861342" dump="1733153862553"/><sessioninfo id="PC-BAPTISTE-30f4683f" start="1733153876960" dump="1733153879427"/><sessioninfo id="PC-BAPTISTE-4bc5a9aa" start="1733153880560" dump="1733153881335"/><sessioninfo id="PC-BAPTISTE-664c9529" start="1733153935035" dump="1733153937553"/><sessioninfo id="PC-BAPTISTE-d34c4d1d" start="1733153938671" dump="1733153939608"/><sessioninfo id="PC-BAPTISTE-243575a8" start="1733154341847" dump="1733154344536"/><sessioninfo id="PC-BAPTISTE-bb959fbb" start="1733154345603" dump="1733154346613"/><sessioninfo id="PC-BAPTISTE-28dcaa6" start="1733154778276" dump="1733154780876"/><sessioninfo id="PC-BAPTISTE-e5134dbe" start="1733154782104" dump="1733154783081"/><sessioninfo id="PC-BAPTISTE-b96451bd" start="1733154786653" dump="1733154788957"/><sessioninfo id="PC-BAPTISTE-cbd4bdf6" start="1733154790201" dump="1733154791062"/><sessioninfo id="PC-BAPTISTE-eefd3dcf" start="1733154817178" dump="1733154819555"/><sessioninfo id="PC-BAPTISTE-a6206678" start="1733154820810" dump="1733154821765"/><sessioninfo id="PC-BAPTISTE-8b16707" start="1733154875844" dump="1733154878260"/><sessioninfo id="PC-BAPTISTE-828c8b9" start="1733154879298" dump="1733154880219"/><sessioninfo id="PC-BAPTISTE-b63245ec" start="1733155687405" dump="1733155689914"/><package name=""><class name="App" sourcefilename="App.java"><method name="&lt;init&gt;" desc="()V" line="1"><counter type="INSTRUCTION" missed="3" covered="0"/><counter type="LINE" missed="1" covered="0"/><counter type="COMPLEXITY" missed="1" covered="0"/><counter type="METHOD" missed="1" covered="0"/></method><method name="main" desc="([Ljava/lang/String;)V" line="4"><counter type="INSTRUCTION" missed="4" covered="0"/><counter type="LINE" missed="2" covered="0"/><counter type="COMPLEXITY" missed="1" covered="0"/><counter type="METHOD" missed="1" covered="0"/></method><counter type="INSTRUCTION" missed="7" covered="0"/><counter type="LINE" missed="3" covered="0"/><counter type="COMPLEXITY" missed="2" covered="0"/><counter type="METHOD" missed="2" covered="0"/><counter type="CLASS" missed="1" covered="0"/></class><sourcefile name="App.java"><line nr="1" mi="3" ci="0" mb="0" cb="0"/><line nr="4" mi="3" ci="0" mb="0" cb="0"/><line nr="5" mi="1" ci="0" mb="0" cb="0"/><counter type="INSTRUCTION" missed="7" covered="0"/><counter type="LINE" missed="3" covered="0"/><counter type="COMPLEXITY" missed="2" covered="0"/><counter type="METHOD" missed="2" covered="0"/><counter type="CLASS" missed="1" covered="0"/></sourcefile><counter type="INSTRUCTION" missed="7" covered="0"/><counter type="LINE" missed="3" covered="0"/><counter type="COMPLEXITY" missed="2" covered="0"/><counter type="METHOD" missed="2" covered="0"/><counter type="CLASS" missed="1" covered="0"/></package><package name="Pret"><class name="Pret/Pret" sourcefilename="Pret.java"><method name="&lt;init&gt;" desc="()V" line="3"><counter type="INSTRUCTION" missed="0" covered="3"/><counter type="LINE" missed="0" covered="1"/><counter type="COMPLEXITY" missed="0" covered="1"/><counter type="METHOD" missed="0" covered="1"/></method><method name="calculRestantDu" desc="(D)D" line="16"><counter type="INSTRUCTION" missed="0" covered="12"/><counter type="LINE" missed="0" covered="3"/><counter type="COMPLEXITY" missed="0" covered="1"/><counter type="METHOD" missed="0" covered="1"/></method><method name="calculTotalProjet" desc="(D)D" line="27"><counter type="INSTRUCTION" missed="0" covered="12"/><counter type="LINE" missed="0" covered="4"/><counter type="COMPLEXITY" missed="0" covered="1"/><counter type="METHOD" missed="0" covered="1"/></method><method name="calculTotalInterets" desc="(D)D" line="38"><counter type="INSTRUCTION" missed="0" covered="10"/><counter type="LINE" missed="0" covered="2"/><counter type="COMPLEXITY" missed="0" covered="1"/><counter type="METHOD" missed="0" covered="1"/></method><method name="calculMensualites" desc="(D)D" line="49"><counter type="INSTRUCTION" missed="0" covered="26"/><counter type="LINE" missed="0" covered="4"/><counter type="COMPLEXITY" missed="0" covered="1"/><counter type="METHOD" missed="0" covered="1"/></method><method name="calculTauxPeriodique" desc="()D" line="60"><counter type="INSTRUCTION" missed="0" covered="9"/><counter type="LINE" missed="0" covered="1"/><counter type="COMPLEXITY" missed="0" covered="1"/><counter type="METHOD" missed="0" covered="1"/></method><method name="getMensualites" desc="()I" line="68"><counter type="INSTRUCTION" missed="0" covered="5"/><counter type="LINE" missed="0" covered="1"/><counter type="COMPLEXITY" missed="0" covered="1"/><counter type="METHOD" missed="0" covered="1"/></method><method name="getFraisDossierBancaire" desc="()D" line="72"><counter type="INSTRUCTION" missed="3" covered="0"/><counter type="LINE" missed="1" covered="0"/><counter type="COMPLEXITY" missed="1" covered="0"/><counter type="METHOD" missed="1" covered="0"/></method><method name="setFraisDossierBancaire" desc="(D)V" line="75"><counter type="INSTRUCTION" missed="0" covered="4"/><counter type="LINE" missed="0" covered="2"/><counter type="COMPLEXITY" missed="0" covered="1"/><counter type="METHOD" missed="0" covered="1"/></method><method name="getFraisNotaireCredit" desc="()D" line="78"><counter type="INSTRUCTION" missed="3" covered="0"/><counter type="LINE" missed="1" covered="0"/><counter type="COMPLEXITY" missed="1" covered="0"/><counter type="METHOD" missed="1" covered="0"/></method><method name="setFraisNotaireCredit" desc="(D)V" line="81"><counter type="INSTRUCTION" missed="0" covered="4"/><counter type="LINE" missed="0" covered="2"/><counter type="COMPLEXITY" missed="0" covered="1"/><counter type="METHOD" missed="0" covered="1"/></method><method name="getNombreAnnees" desc="()I" line="84"><counter type="INSTRUCTION" missed="3" covered="0"/><counter type="LINE" missed="1" covered="0"/><counter type="COMPLEXITY" missed="1" covered="0"/><counter type="METHOD" missed="1" covered="0"/></method><method name="setNombreAnnees" desc="(I)V" line="87"><counter type="INSTRUCTION" missed="0" covered="4"/><counter type="LINE" missed="0" covered="2"/><counter type="COMPLEXITY" missed="0" covered="1"/><counter type="METHOD" missed="0" covered="1"/></method><method name="getTauxAnnuel" desc="()D" line="90"><counter type="INSTRUCTION" missed="3" covered="0"/><counter type="LINE" missed="1" covered="0"/><counter type="COMPLEXITY" missed="1" covered="0"/><counter type="METHOD" missed="1" covered="0"/></method><method name="setTauxAnnuel" desc="(D)V" line="94"><counter type="INSTRUCTION" missed="0" covered="4"/><counter type="LINE" missed="0" covered="2"/><counter type="COMPLEXITY" missed="0" covered="1"/><counter type="METHOD" missed="0" covered="1"/></method><counter type="INSTRUCTION" missed="12" covered="93"/><counter type="LINE" missed="4" covered="24"/><counter type="COMPLEXITY" missed="4" covered="11"/><counter type="METHOD" missed="4" covered="11"/><counter type="CLASS" missed="0" covered="1"/></class><class name="Pret/Projet" sourcefilename="Projet.java"><method name="&lt;init&gt;" desc="()V" line="3"><counter type="INSTRUCTION" missed="0" covered="3"/><counter type="LINE" missed="0" covered="1"/><counter type="COMPLEXITY" missed="0" covered="1"/><counter type="METHOD" missed="0" covered="1"/></method><method name="calculResteAEmprunter" desc="()D" line="19"><counter type="INSTRUCTION" missed="0" covered="6"/><counter type="LINE" missed="0" covered="1"/><counter type="COMPLEXITY" missed="0" covered="1"/><counter type="METHOD" missed="0" covered="1"/></method><method name="calculApportMinimal" desc="()D" line="27"><counter type="INSTRUCTION" missed="0" covered="17"/><counter type="LINE" missed="0" covered="2"/><counter type="COMPLEXITY" missed="0" covered="1"/><counter type="METHOD" missed="0" covered="1"/></method><method name="calculTotalProjetAchat" desc="()D" line="36"><counter type="INSTRUCTION" missed="0" covered="15"/><counter type="LINE" missed="0" covered="5"/><counter type="COMPLEXITY" missed="0" covered="1"/><counter type="METHOD" missed="0" covered="1"/></method><method name="calculDroitEnregistrement" desc="()D" line="48"><counter type="INSTRUCTION" missed="0" covered="17"/><counter type="BRANCH" missed="0" covered="2"/><counter type="LINE" missed="0" covered="4"/><counter type="COMPLEXITY" missed="0" covered="2"/><counter type="METHOD" missed="0" covered="1"/></method><method name="calculAbattement" desc="()D" line="63"><counter type="INSTRUCTION" missed="11" covered="21"/><counter type="BRANCH" missed="1" covered="3"/><counter type="LINE" missed="1" covered="6"/><counter type="COMPLEXITY" missed="1" covered="2"/><counter type="METHOD" missed="0" covered="1"/></method><method name="calculTVAFraisTransformation" desc="()D" line="83"><counter type="INSTRUCTION" missed="0" covered="5"/><counter type="LINE" missed="0" covered="1"/><counter type="COMPLEXITY" missed="0" covered="1"/><counter type="METHOD" missed="0" covered="1"/></method><method name="getRevenuCadastral" desc="()I" line="89"><counter type="INSTRUCTION" missed="3" covered="0"/><counter type="LINE" missed="1" covered="0"/><counter type="COMPLEXITY" missed="1" covered="0"/><counter type="METHOD" missed="1" covered="0"/></method><method name="setRevenuCadastral" desc="(I)V" line="93"><counter type="INSTRUCTION" missed="0" covered="4"/><counter type="LINE" missed="0" covered="2"/><counter type="COMPLEXITY" missed="0" covered="1"/><counter type="METHOD" missed="0" covered="1"/></method><method name="getPrixHabitation" desc="()D" line="98"><counter type="INSTRUCTION" missed="3" covered="0"/><counter type="LINE" missed="1" covered="0"/><counter type="COMPLEXITY" missed="1" covered="0"/><counter type="METHOD" missed="1" covered="0"/></method><method name="setPrixHabitation" desc="(D)V" line="102"><counter type="INSTRUCTION" missed="0" covered="4"/><counter type="LINE" missed="0" covered="2"/><counter type="COMPLEXITY" missed="0" covered="1"/><counter type="METHOD" missed="0" covered="1"/></method><method name="getFraisNotaireAchat" desc="()D" line="107"><counter type="INSTRUCTION" missed="3" covered="0"/><counter type="LINE" missed="1" covered="0"/><counter type="COMPLEXITY" missed="1" covered="0"/><counter type="METHOD" missed="1" covered="0"/></method><method name="setFraisNotaireAchat" desc="(D)V" line="111"><counter type="INSTRUCTION" missed="0" covered="4"/><counter type="LINE" missed="0" covered="2"/><counter type="COMPLEXITY" missed="0" covered="1"/><counter type="METHOD" missed="0" covered="1"/></method><method name="getFraisTransformation" desc="()D" line="115"><counter type="INSTRUCTION" missed="3" covered="0"/><counter type="LINE" missed="1" covered="0"/><counter type="COMPLEXITY" missed="1" covered="0"/><counter type="METHOD" missed="1" covered="0"/></method><method name="setFraisTransformation" desc="(D)V" line="119"><counter type="INSTRUCTION" missed="0" covered="4"/><counter type="LINE" missed="0" covered="2"/><counter type="COMPLEXITY" missed="0" covered="1"/><counter type="METHOD" missed="0" covered="1"/></method><counter type="INSTRUCTION" missed="23" covered="100"/><counter type="BRANCH" missed="1" covered="5"/><counter type="LINE" missed="5" covered="28"/><counter type="COMPLEXITY" missed="5" covered="13"/><counter type="METHOD" missed="4" covered="11"/><counter type="CLASS" missed="0" covered="1"/></class><sourcefile name="Pret.java"><line nr="3" mi="0" ci="3" mb="0" cb="0"/><line nr="16" mi="0" ci="5" mb="0" cb="0"/><line nr="17" mi="0" ci="4" mb="0" cb="0"/><line nr="18" mi="0" ci="3" mb="0" cb="0"/><line nr="27" mi="0" ci="5" mb="0" cb="0"/><line nr="28" mi="0" ci="2" mb="0" cb="0"/><line nr="29" mi="0" ci="2" mb="0" cb="0"/><line nr="30" mi="0" ci="3" mb="0" cb="0"/><line nr="38" mi="0" ci="6" mb="0" cb="0"/><line nr="39" mi="0" ci="4" mb="0" cb="0"/><line nr="49" mi="0" ci="3" mb="0" cb="0"/><line nr="50" mi="0" ci="3" mb="0" cb="0"/><line nr="51" mi="0" ci="12" mb="0" cb="0"/><line nr="52" mi="0" ci="8" mb="0" cb="0"/><line nr="60" mi="0" ci="9" mb="0" cb="0"/><line nr="68" mi="0" ci="5" mb="0" cb="0"/><line nr="72" mi="3" ci="0" mb="0" cb="0"/><line nr="75" mi="0" ci="3" mb="0" cb="0"/><line nr="76" mi="0" ci="1" mb="0" cb="0"/><line nr="78" mi="3" ci="0" mb="0" cb="0"/><line nr="81" mi="0" ci="3" mb="0" cb="0"/><line nr="82" mi="0" ci="1" mb="0" cb="0"/><line nr="84" mi="3" ci="0" mb="0" cb="0"/><line nr="87" mi="0" ci="3" mb="0" cb="0"/><line nr="88" mi="0" ci="1" mb="0" cb="0"/><line nr="90" mi="3" ci="0" mb="0" cb="0"/><line nr="94" mi="0" ci="3" mb="0" cb="0"/><line nr="95" mi="0" ci="1" mb="0" cb="0"/><counter type="INSTRUCTION" missed="12" covered="93"/><counter type="LINE" missed="4" covered="24"/><counter type="COMPLEXITY" missed="4" covered="11"/><counter type="METHOD" missed="4" covered="11"/><counter type="CLASS" missed="0" covered="1"/></sourcefile><sourcefile name="Projet.java"><line nr="3" mi="0" ci="3" mb="0" cb="0"/><line nr="19" mi="0" ci="6" mb="0" cb="0"/><line nr="27" mi="0" ci="13" mb="0" cb="0"/><line nr="28" mi="0" ci="4" mb="0" cb="0"/><line nr="36" mi="0" ci="7" mb="0" cb="0"/><line nr="37" mi="0" ci="2" mb="0" cb="0"/><line nr="38" mi="0" ci="2" mb="0" cb="0"/><line nr="39" mi="0" ci="2" mb="0" cb="0"/><line nr="40" mi="0" ci="2" mb="0" cb="0"/><line nr="48" mi="0" ci="2" mb="0" cb="0"/><line nr="49" mi="0" ci="4" mb="0" cb="2"/><line nr="50" mi="0" ci="2" mb="0" cb="0"/><line nr="52" mi="0" ci="9" mb="0" cb="0"/><line nr="63" mi="0" ci="5" mb="0" cb="2"/><line nr="64" mi="0" ci="2" mb="0" cb="0"/><line nr="65" mi="0" ci="6" mb="1" cb="1"/><line nr="66" mi="0" ci="2" mb="0" cb="0"/><line nr="67" mi="0" ci="1" mb="0" cb="0"/><line nr="68" mi="11" ci="0" mb="0" cb="0"/><line nr="71" mi="0" ci="5" mb="0" cb="0"/><line nr="83" mi="0" ci="5" mb="0" cb="0"/><line nr="89" mi="3" ci="0" mb="0" cb="0"/><line nr="93" mi="0" ci="3" mb="0" cb="0"/><line nr="94" mi="0" ci="1" mb="0" cb="0"/><line nr="98" mi="3" ci="0" mb="0" cb="0"/><line nr="102" mi="0" ci="3" mb="0" cb="0"/><line nr="103" mi="0" ci="1" mb="0" cb="0"/><line nr="107" mi="3" ci="0" mb="0" cb="0"/><line nr="111" mi="0" ci="3" mb="0" cb="0"/><line nr="112" mi="0" ci="1" mb="0" cb="0"/><line nr="115" mi="3" ci="0" mb="0" cb="0"/><line nr="119" mi="0" ci="3" mb="0" cb="0"/><line nr="120" mi="0" ci="1" mb="0" cb="0"/><counter type="INSTRUCTION" missed="23" covered="100"/><counter type="BRANCH" missed="1" covered="5"/><counter type="LINE" missed="5" covered="28"/><counter type="COMPLEXITY" missed="5" covered="13"/><counter type="METHOD" missed="4" covered="11"/><counter type="CLASS" missed="0" covered="1"/></sourcefile><counter type="INSTRUCTION" missed="35" covered="193"/><counter type="BRANCH" missed="1" covered="5"/><counter type="LINE" missed="9" covered="52"/><counter type="COMPLEXITY" missed="9" covered="24"/><counter type="METHOD" missed="8" covered="22"/><counter type="CLASS" missed="0" covered="2"/></package><counter type="INSTRUCTION" missed="42" covered="193"/><counter type="BRANCH" missed="1" covered="5"/><counter type="LINE" missed="12" covered="52"/><counter type="COMPLEXITY" missed="11" covered="24"/><counter type="METHOD" missed="10" covered="22"/><counter type="CLASS" missed="1" covered="2"/></report>